{
  "RSpec": {
    "coverage": {
      "/Users/alistairdavidson/projects/fb-service-token-cache/app/services/adapters/file_cache_adapter.rb": [
        1,
        1,
        3,
        3,
        null,
        null,
        1,
        6,
        6,
        6,
        null,
        null,
        null,
        1,
        null,
        1,
        9,
        null,
        null,
        1,
        3,
        null,
        null,
        1,
        3,
        null,
        null,
        1,
        10,
        null,
        null
      ],
      "/Users/alistairdavidson/projects/fb-service-token-cache/app/services/adapters/kubectl_adapter.rb": [
        1,
        1,
        6,
        null,
        null,
        6,
        null,
        null,
        null,
        null,
        1,
        null,
        null,
        null,
        null,
        null,
        null,
        null,
        0,
        null,
        null,
        1,
        null,
        1,
        null,
        null,
        7,
        7,
        7,
        7,
        null,
        7,
        null,
        null,
        1,
        0,
        null,
        null,
        null
      ],
      "/Users/alistairdavidson/projects/fb-service-token-cache/app/services/adapters/redis_cache_adapter.rb": [
        1,
        1,
        2,
        null,
        null,
        1,
        2,
        null,
        null,
        1,
        null,
        1,
        1,
        null,
        null
      ],
      "/Users/alistairdavidson/projects/fb-service-token-cache/app/services/service_token_service.rb": [
        1,
        1,
        6,
        2,
        null,
        4,
        null,
        null,
        null,
        1,
        16,
        null,
        null,
        5,
        null,
        4,
        3,
        3,
        1,
        1,
        1,
        null,
        null,
        null
      ],
      "/Users/alistairdavidson/projects/fb-service-token-cache/app/services/support/service_token_authoritative_source.rb": [
        1,
        1,
        3,
        null,
        null,
        null,
        null,
        1,
        1,
        null,
        null,
        1,
        null,
        1,
        1,
        null,
        null
      ],
      "/Users/alistairdavidson/projects/fb-service-token-cache/app/services/support/service_token_cache.rb": [
        1,
        6,
        null,
        5,
        5,
        5,
        2,
        3,
        3,
        null,
        null,
        null,
        3,
        null,
        null,
        null,
        1,
        6,
        null,
        null,
        1,
        null,
        1,
        3,
        null,
        null,
        1,
        3,
        null,
        null
      ],
      "/Users/alistairdavidson/projects/fb-service-token-cache/app/value_objects/cache_entry.rb": [
        1,
        1,
        null,
        1,
        16,
        16,
        null,
        null,
        1,
        15,
        null,
        null,
        1,
        2,
        null,
        null,
        null,
        1,
        2,
        null,
        null,
        null,
        1,
        null,
        null,
        null,
        5,
        null,
        null,
        1,
        6,
        null,
        null,
        null,
        null,
        null,
        null
      ],
      "/Users/alistairdavidson/projects/fb-service-token-cache/app/controllers/service_token_controller.rb": [
        1,
        1,
        5,
        5,
        5,
        null,
        0,
        null,
        null,
        null
      ],
      "/Users/alistairdavidson/projects/fb-service-token-cache/app/controllers/application_controller.rb": [
        1,
        null
      ],
      "/Users/alistairdavidson/projects/fb-service-token-cache/app/services/adapters/shell_adapter.rb": [
        1,
        null,
        1,
        null,
        null,
        1,
        0,
        0,
        null,
        null,
        0,
        0,
        null,
        null,
        1,
        0,
        null,
        null,
        1,
        0,
        null,
        0,
        0,
        0,
        null,
        0,
        null,
        null,
        1,
        0,
        null,
        null
      ],
      "/Users/alistairdavidson/projects/fb-service-token-cache/app/models/cmd_failed_error.rb": [
        1,
        null
      ]
    },
    "timestamp": 1539332575
  }
}
